2021-05-18 04:20:14, Error                 CSI    00000001 (F) STATUS_OBJECT_NAME_NOT_FOUND #12# from Windows::Rtl::SystemImplementation::DirectRegistryProvider::SysQueryValueKey(flags = 0, key = 9f4 ('\REGISTRY\MACHINE\SYSTEM\Setup'), vn = [l:7 ml:8]'Compact', kvic = 2, kvi = 2, disp = 0)[gle=0xd0000034]
2021-05-18 04:20:14, Error                 CSI    00000002 (F) STATUS_OBJECT_NAME_NOT_FOUND #11# from Windows::Rtl::SystemImplementation::CKey::QueryValue(flags = 0, kn = [l:31]'\Registry\Machine\SYSTEM\Setup\', vn = [l:7 ml:8]'Compact', ic = KeyValuePartialInformation, info = {l:0 b:}, disp = 0)[gle=0xd0000034]
﻿2021-05-18 04:20:20, Error                 MOUPG  CDlpActionImpl<class CDlpErrorImpl<class CDlpObjectInternalImpl<class CUnknownImpl<class IMoSetupDlpAction> > > >::Suspend(1253): Result = 0xC1800104[gle=0x00000002]
2021-05-18 04:20:20, Error                 MOUPG  CDlpTask::CheckUserInterruptEx(3060): Result = 0x800704D3
2021-05-18 04:20:20, Error                 MOUPG  CDlpTask::CheckUserInterrupt(3112): Result = 0x800704D3
2021-05-18 04:20:20, Error                 MOUPG  CSetupManager::ExecuteInstallMode(840): Result = 0x800705BB
2021-05-18 04:20:20, Error                 MOUPG  CSetupManager::ExecuteDownlevelMode(410): Result = 0x800705BB
2021-05-18 04:20:21, Error                 MOUPG  CSetupManager::Execute(295): Result = 0x800705BB
2021-05-18 04:20:21, Error                 MOUPG  CSetupHost::Execute(433): Result = 0x800705BB
2021-05-18 04:20:54, Error                 CSI    00000001 (F) STATUS_OBJECT_NAME_NOT_FOUND #40# from Windows::Rtl::SystemImplementation::DirectRegistryProvider::SysQueryValueKey(flags = 0, key = a50 ('\REGISTRY\MACHINE\SYSTEM\Setup'), vn = [l:7 ml:8]'Compact', kvic = 2, kvi = 2, disp = 0)[gle=0xd0000034]
2021-05-18 04:20:54, Error                 CSI    00000002 (F) STATUS_OBJECT_NAME_NOT_FOUND #39# from Windows::Rtl::SystemImplementation::CKey::QueryValue(flags = 0, kn = [l:31]'\Registry\Machine\SYSTEM\Setup\', vn = [l:7 ml:8]'Compact', ic = KeyValuePartialInformation, info = {l:0 b:}, disp = 0)[gle=0xd0000034]
2021-05-18 04:20:58, Error                 CSI    00000003 (F) STATUS_OBJECT_NAME_NOT_FOUND #1068# from Windows::Rtl::SystemImplementation::DirectRegistryProvider::SysQueryValueKey(flags = 0, key = bb0 ('\REGISTRY\MACHINE\SOFTWARE\Microsoft\Windows NT\CurrentVersion\Fonts'), vn = [l:21 ml:22]'Arial Nova (TrueType)', kvic = 2, kvi = 2, disp = 0)[gle=0xd0000034]
2021-05-18 04:20:58, Error                 CSI    00000004 (F) STATUS_OBJECT_NAME_NOT_FOUND #1067# from Windows::Rtl::SystemImplementation::CKey::QueryValue(flags = 0, kn = [l:69]'\Registry\Machine\SOFTWARE\Microsoft\Windows NT\CurrentVersion\Fonts\', vn = [l:21 ml:22]'Arial Nova (TrueType)', ic = KeyValuePartialInformation, info = {l:0 b:}, disp = 0)[gle=0xd0000034]
2021-05-18 04:23:57, Error                 DU     DU::CDUSession::Search: Failed to set WU internal configuration property for targeted scans. hr = 0x80070057
2021-05-18 04:24:16, Error                 DU     DU::CDUSession::Download: Operation result code (4) after download indicates failure.
2021-05-18 04:24:17, Error                 DU     DU::CDUSession::Download: Operation result code (4) after download indicates failure.
2021-05-18 04:24:18, Error                 DU     DU::CDUSession::Download: Operation result code (4) after download indicates failure.
2021-05-18 04:24:18, Error                 SP     CDownloadDUUpdates::DoExecuteInternal: Failed to download updates. hr = 0x80004005
2021-05-18 04:24:18, Error                 SP     CSetupPlatform::DownloadDynamicUpdates: Failed to download updates. Error: 0x80004005
2021-05-18 04:24:18, Error                 MOUPG  DUImage: Failed to execute driver search and download [0x80004005]
2021-05-18 04:24:19, Error                 CONX   aeinv: ERROR,GetAppInventory,102,Inventory already running: [0x800700aa]

2021-05-18 04:24:19, Error                 CONX   devinv: ERROR,DriverPackageReaderDrvStore::InitDriverPackageHardwareIds,257,Failed to Open Driver Package 0x3#

2021-05-18 04:27:37, Error                 SP     pSPRemoveUpgradeRegTree: failed to delete reg tree HKLM\SYSTEM\Setup\Upgrade[gle=0x00000005]
2021-05-18 04:27:47, Error                 MIG    Ignoring replacement manifest with no settingsVersionRange or versionRange attribute in migration element: Microsoft-Windows-Container-Manager
2021-05-18 04:27:47, Error      [0x080831] MIG    CSIAgent: Invalid xml format: FormatException: "script" attribute is mandatory. class Mig::CMXEMerge *__cdecl Mig::CMXEMigrationXml::LoadMerge(class UnBCL::XmlNode *,int,class Mig::CMXEMigrationXml *,class Mig::CMXEXmlComponent *)
2021-05-18 04:27:48, Error      [0x080831] MIG    CSIAgent: Invalid xml format: FormatException: "script" attribute is mandatory. class Mig::CMXEMerge *__cdecl Mig::CMXEMigrationXml::LoadMerge(class UnBCL::XmlNode *,int,class Mig::CMXEMigrationXml *,class Mig::CMXEXmlComponent *)
2021-05-18 04:27:48, Error      [0x080366] MIG    String or RParan expected. Script MigXmlHelper.RelativeMove('HKLM\SOFTWARE\Microsoft\Windows\CurrentVersion\Holographic\DisplayThrottling [Enabled]',
            'HKLM\SOFTWARE\Microsoft\Windows\CurrentVersion\Holographic\DisplayThrottling [ThrottleFramerate]')
2021-05-18 04:27:48, Error      [0x080831] MIG    CSIAgent: Invalid xml format: FormatException: Callback entry point MigXmlHelper.RelativeMove('HKLM\SOFTWARE\Microsoft\Windows\CurrentVersion\Holographic\DisplayThrottling [Enabled]',
            'HKLM\SOFTWARE\Microsoft\Windows\CurrentVersion\Holographic\DisplayThrottling [ThrottleFramerate]') not found. __cdecl Mig::CMXEScriptCaller::CMXEScriptCaller(class UnBCL::String *,class Mig::CMXEMigrationXml *,class Mig::CMXEXmlComponent *)
2021-05-18 04:28:28, Error                 MIG    Ignoring replacement manifest with no settingsVersionRange or versionRange attribute in migration element: Microsoft-Windows-Container-Manager
2021-05-18 04:28:29, Error      [0x080366] MIG    String or RParan expected. Script MigXmlHelper.RelativeMove('HKLM\SOFTWARE\Microsoft\Windows\CurrentVersion\Holographic\DisplayThrottling [Enabled]',
            'HKLM\SOFTWARE\Microsoft\Windows\CurrentVersion\Holographic\DisplayThrottling [ThrottleExperience]')
2021-05-18 04:28:29, Error      [0x080831] MIG    CSIAgent: Invalid xml format: FormatException: Callback entry point MigXmlHelper.RelativeMove('HKLM\SOFTWARE\Microsoft\Windows\CurrentVersion\Holographic\DisplayThrottling [Enabled]',
            'HKLM\SOFTWARE\Microsoft\Windows\CurrentVersion\Holographic\DisplayThrottling [ThrottleExperience]') not found. __cdecl Mig::CMXEScriptCaller::CMXEScriptCaller(class UnBCL::String *,class Mig::CMXEMigrationXml *,class Mig::CMXEXmlComponent *)
2021-05-18 04:28:31, Error      [0x080831] MIG    CSIAgent: Invalid xml format: FormatException: Component with display name: Plugin/{C939EC0F-2F56-4CE8-AF56-2336596A5FA7} already loaded __cdecl Mig::CMXEMigrationXml::CMXEMigrationXml(class Mig::CPlatform *,class UnBCL::String *,class UnBCL::XmlDocument *,class UnBCL::String *,class UnBCL::String *)
2021-05-18 04:30:18, Error                 SP     CSetupPlatform::ResurrectAutomation: Failed to resurrect automation: 0x80070002[gle=0x00000002]
2021-05-18 04:47:32, Error                 SP     Sysprep specialize offline failed. Error: 0x80070005[gle=0x0000007a]
2021-05-18 04:47:32, Error                 SP     Operation failed: Run sysprep specialization offline on C:\$WINDOWS.~BT\NewOS. Error: 0x80070005[gle=0x000000b7]
2021-05-18 03:05:38, Error                 MIG    Ignoring replacement manifest with no settingsVersionRange or versionRange attribute in migration element: Microsoft-Windows-Container-Manager
2021-05-18 03:05:46, Error      [0x080831] MIG    CSIAgent: Invalid xml format: FormatException: Component with display name: Plugin/{C939EC0F-2F56-4CE8-AF56-2336596A5FA7} already loaded __cdecl Mig::CMXEMigrationXml::CMXEMigrationXml(class Mig::CPlatform *,class UnBCL::String *,class UnBCL::XmlDocument *,class UnBCL::String *,class UnBCL::String *)
2021-05-18 03:07:53, Error      [0x0808fe] MIG    Plugin {526D451C-721A-4b97-AD34-DCE5D8CD22C5}: [shmig] onecoreuap\internal\shell\inc\private\schemacachehelpers.cpp(607)\shmig.dll!00007FFB141C73BE: (caller: 00007FFB141C5315) ReturnHr(1) tid(4ac) 80070002 The system cannot find the file specified.
    Msg:[Migrated key for Path $OFFLINE_RW_BCE441CA$SOFTWARE\Wow6432Node\Microsoft\Windows\CurrentVersion\PropertySystem\PropertySchema.Migrated for 32-bit hive not found ] 

2021-05-18 03:07:53, Error      [0x0808fe] MIG    Plugin {526D451C-721A-4b97-AD34-DCE5D8CD22C5}: [shmig] onecoreuap\internal\shell\inc\private\schemacachehelpers.cpp(607)\shmig.dll!00007FFB141C73BE: (caller: 00007FFB141C5348) ReturnHr(2) tid(4ac) 80070002 The system cannot find the file specified.
    Msg:[Migrated key for Path $OFFLINE_RW_BCE441CA$SOFTWARE\Microsoft\Windows\CurrentVersion\PropertySystem\PropertySchema.Migrated for 64-bit hive not found ] 

2021-05-18 03:07:54, Error      [0x0808fe] MIG    Plugin {0b23c863-4410-4153-8733-a60c9b1990fb}: TableTextServiceMig!RemoveObsoleteCHSHKLMRegkey - fail to open regkey (software\Microsoft\CTF\TIP\{E429B25A-E5D3-4D1F-9BE3-0C608477E3A1}\LanguageProfile\0x00000804) = 2
2021-05-18 03:07:54, Error      [0x0808fe] MIG    Plugin {0b23c863-4410-4153-8733-a60c9b1990fb}: TableTextServiceMig!ApplySuccess() remove HKLM Registries error
2021-05-18 03:07:54, Error      [0x0808fe] MIG    Plugin {ee036dc0-f9b7-4d2d-bb94-3dd3102c5804}: BRIDGEMIG: ParseRegistryIfBridgeExists: offline key (new) = '$OFFLINE_RW_BCE441CA$SYSTEM\Setup\Upgrade\Bridge'
2021-05-18 03:07:54, Error      [0x0808fe] MIG    Plugin {ee036dc0-f9b7-4d2d-bb94-3dd3102c5804}: BRIDGEMIG: ParseRegistryIfBridgeExists: query bridge presence key failed 0x139f, bridge present = 0
2021-05-18 03:07:55, Error      [0x08038d] MIG    Failure while calling IPostApply->ApplySuccess for Plugin={ServerPath="Microsoft-Windows-DirectoryServices-ADAM-Client\adammigrate.dll", CLSID={43CCF250-2A74-48c6-9620-FC312EC475D6}, ThreadingModel=Apartment}. Error: 0x80070002
2021-05-18 03:07:55, Error                 SP     Error READ, 0x00000002 while gathering/applying object: apply-success, Action,CMXEPlugin,C:\$WINDOWS.~BT\Sources\ReplacementManifests,Microsoft-Windows-DirectoryServices-ADAM-Client\adammigrate.dll,{43CCF250-2A74-48c6-9620-FC312EC475D6},Apartment. Will return 2[gle=0x000000cb]
2021-05-18 03:07:59, Error                 MIG    Ignoring replacement manifest with no settingsVersionRange or versionRange attribute in migration element: Microsoft-Windows-Container-Manager
2021-05-18 03:08:03, Error      [0x080831] MIG    CSIAgent: Invalid xml format: FormatException: "script" attribute is mandatory. class Mig::CMXEMerge *__cdecl Mig::CMXEMigrationXml::LoadMerge(class UnBCL::XmlNode *,int,class Mig::CMXEMigrationXml *,class Mig::CMXEXmlComponent *)
2021-05-18 03:08:05, Error      [0x0803eb] MIG    Error: 161 Message: Error opening the key HKLM\SOFTWARE\\System\CurrentControlSet\Control\TabletPC: The specified path is invalid. [0x000000A1]
2021-05-18 03:08:05, Error      [0x0803eb] MIG    Error: 161 Message: Error opening the key HKLM\SOFTWARE\\System\CurrentControlSet\Control\TabletPC: The specified path is invalid. [0x000000A1]
2021-05-18 03:08:07, Error                 SP     Error WRITE, 0x0000065E while gathering/applying object: State, Microsoft-Windows-SQMApi[@version="10.0.18362.1" and @arch="amd64" and @culture="neutral" and @context="allUsers"]/settings. Will return 2[gle=0x00000012]
2021-05-18 03:08:07, Error                 SP     Error WRITE, 0x0000065E while gathering/applying object: State, Microsoft-Windows-SMBServer[@version="10.0.18362.1" and @arch="amd64" and @culture="neutral" and @context="allUsers"]/settings. Will return 2
2021-05-18 03:08:08, Error                 SP     Error WRITE, 0x0000065E while gathering/applying object: State, Microsoft-Windows-SharedAccess[@version="10.0.18362.1316" and @arch="amd64" and @culture="neutral" and @context="allUsers"]/settings. Will return 2[gle=0x00000012]
2021-05-18 03:08:08, Error                 SP     Error WRITE, 0x0000065E while gathering/applying object: State, Microsoft-Windows-SharedAccess[@version="10.0.18362.1316" and @arch="amd64" and @culture="neutral" and @context="allUsers"]/settings [EnableControl]. Will return 2[gle=0x00000012]
2021-05-18 03:08:08, Error                 SP     Error WRITE, 0x0000065E while gathering/applying object: State, Microsoft-Windows-SharedAccess[@version="10.0.18362.1316" and @arch="amd64" and @culture="neutral" and @context="allUsers"]/settings [ICSDomain]. Will return 2[gle=0x00000012]
2021-05-18 03:08:08, Error                 SP     Error WRITE, 0x0000065E while gathering/applying object: State, Microsoft-Windows-SharedAccess[@version="10.0.18362.1316" and @arch="amd64" and @culture="neutral" and @context="allUsers"]/settings [ScopeAddress]. Will return 2[gle=0x00000012]
2021-05-18 03:08:08, Error                 SP     Error WRITE, 0x0000065E while gathering/applying object: State, Microsoft-Windows-SharedAccess[@version="10.0.18362.1316" and @arch="amd64" and @culture="neutral" and @context="allUsers"]/settings [ScopeAddressBackup]. Will return 2[gle=0x00000012]
2021-05-18 03:08:08, Error                 SP     Error WRITE, 0x0000065E while gathering/applying object: State, Microsoft-Windows-SharedAccess[@version="10.0.18362.1316" and @arch="amd64" and @culture="neutral" and @context="allUsers"]/settings [SharedAutoDial]. Will return 2[gle=0x00000012]
2021-05-18 03:08:10, Error                 SP     Error WRITE, 0x0000065E while gathering/applying object: State, Microsoft-Windows-ErrorReportingCore[@version="10.0.18362.1474" and @arch="amd64" and @culture="neutral" and @context="allUsers"]/settings. Will return 2
2021-05-18 03:08:15, Error      [0x0808fe] MIG    Plugin {0b23c863-4410-4153-8733-a60c9b1990fb}: TableTextServiceMig!RemoveObsoleteCHSHKLMRegkey - fail to open regkey (software\Microsoft\CTF\TIP\{E429B25A-E5D3-4D1F-9BE3-0C608477E3A1}\LanguageProfile\0x00000804) = 2
2021-05-18 03:08:15, Error      [0x0808fe] MIG    Plugin {0b23c863-4410-4153-8733-a60c9b1990fb}: TableTextServiceMig!ApplySuccess() remove HKLM Registries error
